[LOG] System::create                           : Header version = 2.02.19. Current version = 2.02.19.
[LOG] Manager::init                            : maxchannels = 256 studioflags = 00000006 flags 00000000 extradriverdata 0000000000000000.
[LOG] SystemI::init                            : Initialize version=20219 (137979), maxchannels=256, flags=0x00020000
[LOG] SystemI::setOutputInternal               : Setting output to 'FMOD WASAPI Output'
[LOG] OutputWASAPI::init                       : Mix Format (WAVEFORMATEX): wFormatTag=0xFFFE, nChannels=2, nSamplesPerSec=48000, nAvgBytesPerSec=384000, nBlockAlign=8, wBitsPerSample=32, cbSize=22.
[LOG] OutputWASAPI::init                       : Mix Format (WAVEFORMATEXTENSIBLE): wValidBitsPerSample=32, dwChannelMask=0x00000003, SubFormat=00000003-0000-0010-8000-00AA00389B71.
[LOG] OutputWASAPI::init                       : Output buffer size: 4096 samples, latency: 0.00ms, period: 10.00ms, DSP buffer: 1024 * 4
[LOG] Thread::initThread                       : Init FMOD stream thread. Affinity: 0x4000000000000003, Priority: 0xFFFF7FFB, Stack Size: 98304, Semaphore: No, Sleep Time: 10, Looping: Yes.
[LOG] Thread::initThread                       : Init FMOD mixer thread. Affinity: 0x4000000000000001, Priority: 0xFFFF7FFA, Stack Size: 81920, Semaphore: No, Sleep Time: 0, Looping: Yes.
[LOG] AsyncManager::init                       : manager 00000239477A6618 isAsync 0 updatePeriod 0.02
[LOG] AsyncManager::init                       : done
[LOG] PlaybackSystem::init                     : 
[LOG] Thread::initThread                       : Init FMOD Studio sample load thread. Affinity: 0x4000000000000003, Priority: 0xFFFF7FFD, Stack Size: 98304, Semaphore: No, Sleep Time: 1, Looping: No.
[LOG] PlaybackSystem::init                     : done
[LOG] Thread::initThread                       : Init FMOD Studio bank load thread. Affinity: 0x4000000000000003, Priority: 0xFFFF7FFD, Stack Size: 98304, Semaphore: No, Sleep Time: 1, Looping: No.
[LOG] Manager::init                            : done.
[LOG] Manager::readBank                        : fileversion = 142, compatVersion = 140 (oldest = 44, newest = 142)
[LOG] Manager::readBank                        : fileversion = 142, compatVersion = 140 (oldest = 44, newest = 142)
[LOG] Manager::readBank                        : fileversion = 142, compatVersion = 140 (oldest = 44, newest = 142)
[LOG] PlaybackSystem::acquireMasterBus         : Setting master channel group format to 6
[LOG] Manager::readBank                        : fileversion = 142, compatVersion = 140 (oldest = 44, newest = 142)
[LOG] SystemI::createSound                     : filename = AerofordronSimFMOD/Build/Desktop/SFX.bank : mode 02010082
[LOG] SystemI::createSound                     : FMOD_NONBLOCKING specified.  Putting into queue to be opened asynchronously!
[LOG] AsyncThread::add                         : add sound to async queue : soundi = 0000023A20DAABB8, queue head = 0000023947711318, queue count = 0
[LOG] AsyncThread::threadFunc                  : Starting Asynchronous operation on sound 0000023A20DAABB8
[LOG] SystemI::createSoundInternal             :     Create name='AerofordronSimFMOD/Build/Desktop/SFX.bank', mode=0x02010082
[LOG] SystemI::createSoundInternal             :     exinfo->cbsize             = 224
[LOG] SystemI::createSoundInternal             :     exinfo->length             = 934016
[LOG] SystemI::createSoundInternal             :     exinfo->fileoffset         = 6080
[LOG] SystemI::createSoundInternal             :     exinfo->numsubsounds       = 1
[LOG] SystemI::createSoundInternal             :     exinfo->inclusionlist      = 00000239716F8BE0
[LOG] SystemI::createSoundInternal             :     exinfo->inclusionlistnum   = 1
[LOG] SystemI::createSoundInternal             :     exinfo->suggestedsoundtype = 5
[LOG] SystemI::createSoundInternal             :     exinfo->initialseekpostype = 1
[LOG] SystemI::createSoundInternal             :     Stream 0/1: name='ConcreteFootsteps', format=5, channels=2, frequency=48000, lengthbytes=166112, lengthpcm=952946, pcmblocksize=0, loopstart=0, loopend=0, mode=0x00000000, channelmask=0x00000000, channelorder=0, peakvolume=0.139435.
[LOG] AsyncThread::threadFunc                  : Finished Asynchronous operation on sound 0000023A20DAABB8
[WRN] SoundSourceInstrumentInstance::startChannelIfReady : Resource type 3 for instrument {c31280bb-9480-488b-83db-d59cdda7e3f1} has returned 13 and will now stop.
[LOG] SoundI::release                          : ConcreteFootsteps (0000023A20DAABB8)
[LOG] SoundI::release                          :     ConcreteFootsteps (000002392253BE98)
[LOG] SoundI::release                          :     ConcreteFootsteps (0000023A20DB06D8)
[LOG] SystemI::createSound                     : filename = AerofordronSimFMOD/Build/Desktop/SFX.bank : mode 02010082
[LOG] SystemI::createSound                     : FMOD_NONBLOCKING specified.  Putting into queue to be opened asynchronously!
[LOG] AsyncThread::add                         : add sound to async queue : soundi = 0000023A20DB06D8, queue head = 0000023947711318, queue count = 0
[LOG] AsyncThread::threadFunc                  : Starting Asynchronous operation on sound 0000023A20DB06D8
[LOG] SystemI::createSoundInternal             :     Create name='AerofordronSimFMOD/Build/Desktop/SFX.bank', mode=0x02010082
[LOG] SystemI::createSoundInternal             :     exinfo->cbsize             = 224
[LOG] SystemI::createSoundInternal             :     exinfo->length             = 934016
[LOG] SystemI::createSoundInternal             :     exinfo->fileoffset         = 6080
[LOG] SystemI::createSoundInternal             :     exinfo->numsubsounds       = 1
[LOG] SystemI::createSoundInternal             :     exinfo->inclusionlist      = 000002379369A500
[LOG] SystemI::createSoundInternal             :     exinfo->inclusionlistnum   = 1
[LOG] SystemI::createSoundInternal             :     exinfo->suggestedsoundtype = 5
[LOG] SystemI::createSoundInternal             :     exinfo->initialseekpostype = 1
[LOG] SystemI::createSoundInternal             :     Stream 0/1: name='ConcreteFootsteps', format=5, channels=2, frequency=48000, lengthbytes=166112, lengthpcm=952946, pcmblocksize=0, loopstart=0, loopend=0, mode=0x00000000, channelmask=0x00000000, channelorder=0, peakvolume=0.139435.
[LOG] AsyncThread::threadFunc                  : Finished Asynchronous operation on sound 0000023A20DB06D8
[WRN] SoundSourceInstrumentInstance::startChannelIfReady : Resource type 3 for instrument {c31280bb-9480-488b-83db-d59cdda7e3f1} has returned 13 and will now stop.
[LOG] SoundI::release                          : ConcreteFootsteps (0000023A20DB06D8)
[LOG] SoundI::release                          :     ConcreteFootsteps (000002392253D078)
[LOG] SoundI::release                          :     ConcreteFootsteps (0000023A20DAAD68)
[LOG] SystemI::createSound                     : filename = AerofordronSimFMOD/Build/Desktop/SFX.bank : mode 02010082
[LOG] SystemI::createSound                     : FMOD_NONBLOCKING specified.  Putting into queue to be opened asynchronously!
[LOG] AsyncThread::add                         : add sound to async queue : soundi = 0000023A20DAE878, queue head = 0000023947711318, queue count = 0
[LOG] AsyncThread::threadFunc                  : Starting Asynchronous operation on sound 0000023A20DAE878
[LOG] SystemI::createSoundInternal             :     Create name='AerofordronSimFMOD/Build/Desktop/SFX.bank', mode=0x02010082
[LOG] SystemI::createSoundInternal             :     exinfo->cbsize             = 224
[LOG] SystemI::createSoundInternal             :     exinfo->length             = 934016
[LOG] SystemI::createSoundInternal             :     exinfo->fileoffset         = 6080
[LOG] SystemI::createSoundInternal             :     exinfo->numsubsounds       = 1
[LOG] SystemI::createSoundInternal             :     exinfo->inclusionlist      = 0000023945D342F0
[LOG] SystemI::createSoundInternal             :     exinfo->inclusionlistnum   = 1
[LOG] SystemI::createSoundInternal             :     exinfo->suggestedsoundtype = 5
[LOG] SystemI::createSoundInternal             :     exinfo->initialseekpostype = 1
[LOG] SystemI::createSoundInternal             :     Stream 0/1: name='ConcreteFootsteps', format=5, channels=2, frequency=48000, lengthbytes=166112, lengthpcm=952946, pcmblocksize=0, loopstart=0, loopend=0, mode=0x00000000, channelmask=0x00000000, channelorder=0, peakvolume=0.139435.
[LOG] AsyncThread::threadFunc                  : Finished Asynchronous operation on sound 0000023A20DAE878
[WRN] SoundSourceInstrumentInstance::startChannelIfReady : Resource type 3 for instrument {c31280bb-9480-488b-83db-d59cdda7e3f1} has returned 13 and will now stop.
[LOG] SoundI::release                          : ConcreteFootsteps (0000023A20DAE878)
[LOG] SoundI::release                          :     ConcreteFootsteps (000002392253C1D8)
[LOG] SoundI::release                          :     ConcreteFootsteps (0000023A20DAEF38)
[LOG] SystemI::createSound                     : filename = AerofordronSimFMOD/Build/Desktop/SFX.bank : mode 02010082
[LOG] SystemI::createSound                     : FMOD_NONBLOCKING specified.  Putting into queue to be opened asynchronously!
[LOG] AsyncThread::add                         : add sound to async queue : soundi = 0000023A20DA9E38, queue head = 0000023947711318, queue count = 0
[LOG] AsyncThread::threadFunc                  : Starting Asynchronous operation on sound 0000023A20DA9E38
[LOG] SystemI::createSoundInternal             :     Create name='AerofordronSimFMOD/Build/Desktop/SFX.bank', mode=0x02010082
[LOG] SystemI::createSoundInternal             :     exinfo->cbsize             = 224
[LOG] SystemI::createSoundInternal             :     exinfo->length             = 934016
[LOG] SystemI::createSoundInternal             :     exinfo->fileoffset         = 6080
[LOG] SystemI::createSoundInternal             :     exinfo->numsubsounds       = 1
[LOG] SystemI::createSoundInternal             :     exinfo->inclusionlist      = 0000023945D342F0
[LOG] SystemI::createSoundInternal             :     exinfo->inclusionlistnum   = 1
[LOG] SystemI::createSoundInternal             :     exinfo->suggestedsoundtype = 5
[LOG] SystemI::createSoundInternal             :     exinfo->initialseekpostype = 1
[LOG] SystemI::createSoundInternal             :     Stream 0/1: name='ConcreteFootsteps', format=5, channels=2, frequency=48000, lengthbytes=166112, lengthpcm=952946, pcmblocksize=0, loopstart=0, loopend=0, mode=0x00000000, channelmask=0x00000000, channelorder=0, peakvolume=0.139435.
[LOG] AsyncThread::threadFunc                  : Finished Asynchronous operation on sound 0000023A20DA9E38
[WRN] SoundSourceInstrumentInstance::startChannelIfReady : Resource type 3 for instrument {c31280bb-9480-488b-83db-d59cdda7e3f1} has returned 13 and will now stop.
[LOG] SoundI::release                          : ConcreteFootsteps (0000023A20DA9E38)
[LOG] SoundI::release                          :     ConcreteFootsteps (000002392253CED8)
[LOG] SoundI::release                          :     ConcreteFootsteps (0000023A20DACF28)
[LOG] SystemI::createSound                     : filename = AerofordronSimFMOD/Build/Desktop/SFX.bank : mode 02010082
[LOG] SystemI::createSound                     : FMOD_NONBLOCKING specified.  Putting into queue to be opened asynchronously!
[LOG] AsyncThread::add                         : add sound to async queue : soundi = 0000023A20DAE878, queue head = 0000023947711318, queue count = 0
[LOG] AsyncThread::threadFunc                  : Starting Asynchronous operation on sound 0000023A20DAE878
[LOG] SystemI::createSoundInternal             :     Create name='AerofordronSimFMOD/Build/Desktop/SFX.bank', mode=0x02010082
[LOG] SystemI::createSoundInternal             :     exinfo->cbsize             = 224
[LOG] SystemI::createSoundInternal             :     exinfo->length             = 934016
[LOG] SystemI::createSoundInternal             :     exinfo->fileoffset         = 6080
[LOG] SystemI::createSoundInternal             :     exinfo->numsubsounds       = 1
[LOG] SystemI::createSoundInternal             :     exinfo->inclusionlist      = 0000023945D34930
[LOG] SystemI::createSoundInternal             :     exinfo->inclusionlistnum   = 1
[LOG] SystemI::createSoundInternal             :     exinfo->suggestedsoundtype = 5
[LOG] SystemI::createSoundInternal             :     exinfo->initialseekpostype = 1
[LOG] SystemI::createSoundInternal             :     Stream 0/1: name='ConcreteFootsteps', format=5, channels=2, frequency=48000, lengthbytes=166112, lengthpcm=952946, pcmblocksize=0, loopstart=0, loopend=0, mode=0x00000000, channelmask=0x00000000, channelorder=0, peakvolume=0.139435.
[LOG] AsyncThread::threadFunc                  : Finished Asynchronous operation on sound 0000023A20DAE878
[WRN] SoundSourceInstrumentInstance::startChannelIfReady : Resource type 3 for instrument {c31280bb-9480-488b-83db-d59cdda7e3f1} has returned 13 and will now stop.
[LOG] SoundI::release                          : ConcreteFootsteps (0000023A20DAE878)
[LOG] SoundI::release                          :     ConcreteFootsteps (000002392253D218)
[LOG] SoundI::release                          :     ConcreteFootsteps (0000023A20DAB788)
[LOG] SystemI::createSound                     : filename = AerofordronSimFMOD/Build/Desktop/SFX.bank : mode 02010082
[LOG] SystemI::createSound                     : FMOD_NONBLOCKING specified.  Putting into queue to be opened asynchronously!
[LOG] AsyncThread::add                         : add sound to async queue : soundi = 0000023A20DA9E38, queue head = 0000023947711318, queue count = 0
[LOG] AsyncThread::threadFunc                  : Starting Asynchronous operation on sound 0000023A20DA9E38
[LOG] SystemI::createSoundInternal             :     Create name='AerofordronSimFMOD/Build/Desktop/SFX.bank', mode=0x02010082
[LOG] SystemI::createSoundInternal             :     exinfo->cbsize             = 224
[LOG] SystemI::createSoundInternal             :     exinfo->length             = 934016
[LOG] SystemI::createSoundInternal             :     exinfo->fileoffset         = 6080
[LOG] SystemI::createSoundInternal             :     exinfo->numsubsounds       = 1
[LOG] SystemI::createSoundInternal             :     exinfo->inclusionlist      = 0000023945D34A70
[LOG] SystemI::createSoundInternal             :     exinfo->inclusionlistnum   = 1
[LOG] SystemI::createSoundInternal             :     exinfo->suggestedsoundtype = 5
[LOG] SystemI::createSoundInternal             :     exinfo->initialseekpostype = 1
[LOG] SystemI::createSoundInternal             :     Stream 0/1: name='ConcreteFootsteps', format=5, channels=2, frequency=48000, lengthbytes=166112, lengthpcm=952946, pcmblocksize=0, loopstart=0, loopend=0, mode=0x00000000, channelmask=0x00000000, channelorder=0, peakvolume=0.139435.
[LOG] AsyncThread::threadFunc                  : Finished Asynchronous operation on sound 0000023A20DA9E38
[WRN] SoundSourceInstrumentInstance::startChannelIfReady : Resource type 3 for instrument {c31280bb-9480-488b-83db-d59cdda7e3f1} has returned 13 and will now stop.
[LOG] SoundI::release                          : ConcreteFootsteps (0000023A20DA9E38)
[LOG] SoundI::release                          :     ConcreteFootsteps (000002392253B678)
[LOG] SoundI::release                          :     ConcreteFootsteps (0000023A20DAD5E8)
[LOG] SystemI::createSound                     : filename = AerofordronSimFMOD/Build/Desktop/SFX.bank : mode 02010082
[LOG] SystemI::createSound                     : FMOD_NONBLOCKING specified.  Putting into queue to be opened asynchronously!
[LOG] AsyncThread::add                         : add sound to async queue : soundi = 0000023A20DACF28, queue head = 0000023947711318, queue count = 0
[LOG] AsyncThread::threadFunc                  : Starting Asynchronous operation on sound 0000023A20DACF28
[LOG] SystemI::createSoundInternal             :     Create name='AerofordronSimFMOD/Build/Desktop/SFX.bank', mode=0x02010082
[LOG] SystemI::createSoundInternal             :     exinfo->cbsize             = 224
[LOG] SystemI::createSoundInternal             :     exinfo->length             = 934016
[LOG] SystemI::createSoundInternal             :     exinfo->fileoffset         = 6080
[LOG] SystemI::createSoundInternal             :     exinfo->numsubsounds       = 1
[LOG] SystemI::createSoundInternal             :     exinfo->inclusionlist      = 0000023793699100
[LOG] SystemI::createSoundInternal             :     exinfo->inclusionlistnum   = 1
[LOG] SystemI::createSoundInternal             :     exinfo->suggestedsoundtype = 5
[LOG] SystemI::createSoundInternal             :     exinfo->initialseekpostype = 1
[LOG] SystemI::createSoundInternal             :     Stream 0/1: name='ConcreteFootsteps', format=5, channels=2, frequency=48000, lengthbytes=166112, lengthpcm=952946, pcmblocksize=0, loopstart=0, loopend=0, mode=0x00000000, channelmask=0x00000000, channelorder=0, peakvolume=0.139435.
[LOG] AsyncThread::threadFunc                  : Finished Asynchronous operation on sound 0000023A20DACF28
[WRN] SoundSourceInstrumentInstance::startChannelIfReady : Resource type 3 for instrument {c31280bb-9480-488b-83db-d59cdda7e3f1} has returned 13 and will now stop.
[LOG] SoundI::release                          : ConcreteFootsteps (0000023A20DACF28)
[LOG] SoundI::release                          :     ConcreteFootsteps (000002392253C038)
[LOG] SoundI::release                          :     ConcreteFootsteps (0000023A20DAC6B8)
[LOG] SystemI::createSound                     : filename = AerofordronSimFMOD/Build/Desktop/SFX.bank : mode 02010082
[LOG] SystemI::createSound                     : FMOD_NONBLOCKING specified.  Putting into queue to be opened asynchronously!
[LOG] AsyncThread::add                         : add sound to async queue : soundi = 0000023A20DACF28, queue head = 0000023947711318, queue count = 0
[LOG] AsyncThread::threadFunc                  : Starting Asynchronous operation on sound 0000023A20DACF28
[LOG] SystemI::createSoundInternal             :     Create name='AerofordronSimFMOD/Build/Desktop/SFX.bank', mode=0x02010082
[LOG] SystemI::createSoundInternal             :     exinfo->cbsize             = 224
[LOG] SystemI::createSoundInternal             :     exinfo->length             = 934016
[LOG] SystemI::createSoundInternal             :     exinfo->fileoffset         = 6080
[LOG] SystemI::createSoundInternal             :     exinfo->numsubsounds       = 1
[LOG] SystemI::createSoundInternal             :     exinfo->inclusionlist      = 0000023793699740
[LOG] SystemI::createSoundInternal             :     exinfo->inclusionlistnum   = 1
[LOG] SystemI::createSoundInternal             :     exinfo->suggestedsoundtype = 5
[LOG] SystemI::createSoundInternal             :     exinfo->initialseekpostype = 1
[LOG] SystemI::createSoundInternal             :     Stream 0/1: name='ConcreteFootsteps', format=5, channels=2, frequency=48000, lengthbytes=166112, lengthpcm=952946, pcmblocksize=0, loopstart=0, loopend=0, mode=0x00000000, channelmask=0x00000000, channelorder=0, peakvolume=0.139435.
[LOG] AsyncThread::threadFunc                  : Finished Asynchronous operation on sound 0000023A20DACF28
[WRN] SoundSourceInstrumentInstance::startChannelIfReady : Resource type 3 for instrument {c31280bb-9480-488b-83db-d59cdda7e3f1} has returned 13 and will now stop.
[LOG] SoundI::release                          : ConcreteFootsteps (0000023A20DACF28)
[LOG] SoundI::release                          :     ConcreteFootsteps (000002392253B678)
[LOG] SoundI::release                          :     ConcreteFootsteps (0000023A20DAAD68)
[LOG] SystemI::createSound                     : filename = AerofordronSimFMOD/Build/Desktop/SFX.bank : mode 02010082
[LOG] SystemI::createSound                     : FMOD_NONBLOCKING specified.  Putting into queue to be opened asynchronously!
[LOG] AsyncThread::add                         : add sound to async queue : soundi = 0000023A20DAB428, queue head = 0000023947711318, queue count = 0
[LOG] AsyncThread::threadFunc                  : Starting Asynchronous operation on sound 0000023A20DAB428
[LOG] SystemI::createSoundInternal             :     Create name='AerofordronSimFMOD/Build/Desktop/SFX.bank', mode=0x02010082
[LOG] SystemI::createSoundInternal             :     exinfo->cbsize             = 224
[LOG] SystemI::createSoundInternal             :     exinfo->length             = 934016
[LOG] SystemI::createSoundInternal             :     exinfo->fileoffset         = 6080
[LOG] SystemI::createSoundInternal             :     exinfo->numsubsounds       = 1
[LOG] SystemI::createSoundInternal             :     exinfo->inclusionlist      = 00000239716F8960
[LOG] SystemI::createSoundInternal             :     exinfo->inclusionlistnum   = 1
[LOG] SystemI::createSoundInternal             :     exinfo->suggestedsoundtype = 5
[LOG] SystemI::createSoundInternal             :     exinfo->initialseekpostype = 1
[LOG] SystemI::createSoundInternal             :     Stream 0/1: name='ConcreteFootsteps', format=5, channels=2, frequency=48000, lengthbytes=166112, lengthpcm=952946, pcmblocksize=0, loopstart=0, loopend=0, mode=0x00000000, channelmask=0x00000000, channelorder=0, peakvolume=0.139435.
[LOG] AsyncThread::threadFunc                  : Finished Asynchronous operation on sound 0000023A20DAB428
[WRN] SoundSourceInstrumentInstance::startChannelIfReady : Resource type 3 for instrument {c31280bb-9480-488b-83db-d59cdda7e3f1} has returned 13 and will now stop.
[LOG] SoundI::release                          : ConcreteFootsteps (0000023A20DAB428)
[LOG] SoundI::release                          :     ConcreteFootsteps (000002392253B818)
[LOG] SoundI::release                          :     ConcreteFootsteps (0000023A20DAB788)
[LOG] SystemI::createSound                     : filename = AerofordronSimFMOD/Build/Desktop/SFX.bank : mode 02010082
[LOG] SystemI::createSound                     : FMOD_NONBLOCKING specified.  Putting into queue to be opened asynchronously!
[LOG] AsyncThread::add                         : add sound to async queue : soundi = 0000023A20DB06D8, queue head = 0000023947711318, queue count = 0
[LOG] AsyncThread::threadFunc                  : Starting Asynchronous operation on sound 0000023A20DB06D8
[LOG] SystemI::createSoundInternal             :     Create name='AerofordronSimFMOD/Build/Desktop/SFX.bank', mode=0x02010082
[LOG] SystemI::createSoundInternal             :     exinfo->cbsize             = 224
[LOG] SystemI::createSoundInternal             :     exinfo->length             = 934016
[LOG] SystemI::createSoundInternal             :     exinfo->fileoffset         = 6080
[LOG] SystemI::createSoundInternal             :     exinfo->numsubsounds       = 1
[LOG] SystemI::createSoundInternal             :     exinfo->inclusionlist      = 0000023A256DD890
[LOG] SystemI::createSoundInternal             :     exinfo->inclusionlistnum   = 1
[LOG] SystemI::createSoundInternal             :     exinfo->suggestedsoundtype = 5
[LOG] SystemI::createSoundInternal             :     exinfo->initialseekpostype = 1
[LOG] SystemI::createSoundInternal             :     Stream 0/1: name='ConcreteFootsteps', format=5, channels=2, frequency=48000, lengthbytes=166112, lengthpcm=952946, pcmblocksize=0, loopstart=0, loopend=0, mode=0x00000000, channelmask=0x00000000, channelorder=0, peakvolume=0.139435.
[LOG] AsyncThread::threadFunc                  : Finished Asynchronous operation on sound 0000023A20DB06D8
[WRN] SoundSourceInstrumentInstance::startChannelIfReady : Resource type 3 for instrument {c31280bb-9480-488b-83db-d59cdda7e3f1} has returned 13 and will now stop.
[LOG] SoundI::release                          : ConcreteFootsteps (0000023A20DB06D8)
[LOG] SoundI::release                          :     ConcreteFootsteps (000002392253C9F8)
[LOG] SoundI::release                          :     ConcreteFootsteps (0000023A20DAB428)
[LOG] SystemI::createSound                     : filename = AerofordronSimFMOD/Build/Desktop/SFX.bank : mode 02010082
[LOG] SystemI::createSound                     : FMOD_NONBLOCKING specified.  Putting into queue to be opened asynchronously!
[LOG] AsyncThread::add                         : add sound to async queue : soundi = 0000023A20DA9E38, queue head = 0000023947711318, queue count = 0
[LOG] AsyncThread::threadFunc                  : Starting Asynchronous operation on sound 0000023A20DA9E38
[LOG] SystemI::createSoundInternal             :     Create name='AerofordronSimFMOD/Build/Desktop/SFX.bank', mode=0x02010082
[LOG] SystemI::createSoundInternal             :     exinfo->cbsize             = 224
[LOG] SystemI::createSoundInternal             :     exinfo->length             = 934016
[LOG] SystemI::createSoundInternal             :     exinfo->fileoffset         = 6080
[LOG] SystemI::createSoundInternal             :     exinfo->numsubsounds       = 1
[LOG] SystemI::createSoundInternal             :     exinfo->inclusionlist      = 0000023793698FC0
[LOG] SystemI::createSoundInternal             :     exinfo->inclusionlistnum   = 1
[LOG] SystemI::createSoundInternal             :     exinfo->suggestedsoundtype = 5
[LOG] SystemI::createSoundInternal             :     exinfo->initialseekpostype = 1
[LOG] SystemI::createSoundInternal             :     Stream 0/1: name='ConcreteFootsteps', format=5, channels=2, frequency=48000, lengthbytes=166112, lengthpcm=952946, pcmblocksize=0, loopstart=0, loopend=0, mode=0x00000000, channelmask=0x00000000, channelorder=0, peakvolume=0.139435.
[LOG] AsyncThread::threadFunc                  : Finished Asynchronous operation on sound 0000023A20DA9E38
[WRN] SoundSourceInstrumentInstance::startChannelIfReady : Resource type 3 for instrument {c31280bb-9480-488b-83db-d59cdda7e3f1} has returned 13 and will now stop.
[LOG] SoundI::release                          : ConcreteFootsteps (0000023A20DA9E38)
[LOG] SoundI::release                          :     ConcreteFootsteps (000002392253CB98)
[LOG] SoundI::release                          :     ConcreteFootsteps (0000023A20DAFE68)
[LOG] SystemI::createSound                     : filename = AerofordronSimFMOD/Build/Desktop/SFX.bank : mode 02010082
[LOG] SystemI::createSound                     : FMOD_NONBLOCKING specified.  Putting into queue to be opened asynchronously!
[LOG] AsyncThread::add                         : add sound to async queue : soundi = 0000023A20DAD5E8, queue head = 0000023947711318, queue count = 0
[LOG] AsyncThread::threadFunc                  : Starting Asynchronous operation on sound 0000023A20DAD5E8
[LOG] SystemI::createSoundInternal             :     Create name='AerofordronSimFMOD/Build/Desktop/SFX.bank', mode=0x02010082
[LOG] SystemI::createSoundInternal             :     exinfo->cbsize             = 224
[LOG] SystemI::createSoundInternal             :     exinfo->length             = 934016
[LOG] SystemI::createSoundInternal             :     exinfo->fileoffset         = 6080
[LOG] SystemI::createSoundInternal             :     exinfo->numsubsounds       = 1
[LOG] SystemI::createSoundInternal             :     exinfo->inclusionlist      = 0000023793698FC0
[LOG] SystemI::createSoundInternal             :     exinfo->inclusionlistnum   = 1
[LOG] SystemI::createSoundInternal             :     exinfo->suggestedsoundtype = 5
[LOG] SystemI::createSoundInternal             :     exinfo->initialseekpostype = 1
[LOG] SystemI::createSoundInternal             :     Stream 0/1: name='ConcreteFootsteps', format=5, channels=2, frequency=48000, lengthbytes=166112, lengthpcm=952946, pcmblocksize=0, loopstart=0, loopend=0, mode=0x00000000, channelmask=0x00000000, channelorder=0, peakvolume=0.139435.
[LOG] AsyncThread::threadFunc                  : Finished Asynchronous operation on sound 0000023A20DAD5E8
[WRN] SoundSourceInstrumentInstance::startChannelIfReady : Resource type 3 for instrument {c31280bb-9480-488b-83db-d59cdda7e3f1} has returned 13 and will now stop.
[LOG] SoundI::release                          : ConcreteFootsteps (0000023A20DAD5E8)
[LOG] SoundI::release                          :     ConcreteFootsteps (000002392253D078)
[LOG] SoundI::release                          :     ConcreteFootsteps (0000023A20DAFE68)
[LOG] SystemI::createSound                     : filename = AerofordronSimFMOD/Build/Desktop/SFX.bank : mode 02010082
[LOG] SystemI::createSound                     : FMOD_NONBLOCKING specified.  Putting into queue to be opened asynchronously!
[LOG] AsyncThread::add                         : add sound to async queue : soundi = 0000023A209E6E08, queue head = 0000023947711318, queue count = 0
[LOG] AsyncThread::threadFunc                  : Starting Asynchronous operation on sound 0000023A209E6E08
[LOG] SystemI::createSoundInternal             :     Create name='AerofordronSimFMOD/Build/Desktop/SFX.bank', mode=0x02010082
[LOG] SystemI::createSoundInternal             :     exinfo->cbsize             = 224
[LOG] SystemI::createSoundInternal             :     exinfo->length             = 934016
[LOG] SystemI::createSoundInternal             :     exinfo->fileoffset         = 6080
[LOG] SystemI::createSoundInternal             :     exinfo->numsubsounds       = 1
[LOG] SystemI::createSoundInternal             :     exinfo->inclusionlist      = 0000023945D34930
[LOG] SystemI::createSoundInternal             :     exinfo->inclusionlistnum   = 1
[LOG] SystemI::createSoundInternal             :     exinfo->suggestedsoundtype = 5
[LOG] SystemI::createSoundInternal             :     exinfo->initialseekpostype = 1
[LOG] SystemI::createSoundInternal             :     Stream 0/1: name='ConcreteFootsteps', format=5, channels=2, frequency=48000, lengthbytes=166112, lengthpcm=952946, pcmblocksize=0, loopstart=0, loopend=0, mode=0x00000000, channelmask=0x00000000, channelorder=0, peakvolume=0.139435.
[LOG] AsyncThread::threadFunc                  : Finished Asynchronous operation on sound 0000023A209E6E08
[WRN] SoundSourceInstrumentInstance::startChannelIfReady : Resource type 3 for instrument {c31280bb-9480-488b-83db-d59cdda7e3f1} has returned 13 and will now stop.
[LOG] SoundI::release                          : ConcreteFootsteps (0000023A209E6E08)
[LOG] SoundI::release                          :     ConcreteFootsteps (000002392253C9F8)
[LOG] SoundI::release                          :     ConcreteFootsteps (0000023944F8B508)
[LOG] SystemI::createSound                     : filename = AerofordronSimFMOD/Build/Desktop/SFX.bank : mode 02010082
[LOG] SystemI::createSound                     : FMOD_NONBLOCKING specified.  Putting into queue to be opened asynchronously!
[LOG] AsyncThread::add                         : add sound to async queue : soundi = 0000023922768958, queue head = 0000023947711318, queue count = 0
[LOG] AsyncThread::threadFunc                  : Starting Asynchronous operation on sound 0000023922768958
[LOG] SystemI::createSoundInternal             :     Create name='AerofordronSimFMOD/Build/Desktop/SFX.bank', mode=0x02010082
[LOG] SystemI::createSoundInternal             :     exinfo->cbsize             = 224
[LOG] SystemI::createSoundInternal             :     exinfo->length             = 934016
[LOG] SystemI::createSoundInternal             :     exinfo->fileoffset         = 6080
[LOG] SystemI::createSoundInternal             :     exinfo->numsubsounds       = 1
[LOG] SystemI::createSoundInternal             :     exinfo->inclusionlist      = 0000023945D34CF0
[LOG] SystemI::createSoundInternal             :     exinfo->inclusionlistnum   = 1
[LOG] SystemI::createSoundInternal             :     exinfo->suggestedsoundtype = 5
[LOG] SystemI::createSoundInternal             :     exinfo->initialseekpostype = 1
[LOG] SystemI::createSoundInternal             :     Stream 0/1: name='ConcreteFootsteps', format=5, channels=2, frequency=48000, lengthbytes=166112, lengthpcm=952946, pcmblocksize=0, loopstart=0, loopend=0, mode=0x00000000, channelmask=0x00000000, channelorder=0, peakvolume=0.139435.
[LOG] AsyncThread::threadFunc                  : Finished Asynchronous operation on sound 0000023922768958
[WRN] SoundSourceInstrumentInstance::startChannelIfReady : Resource type 3 for instrument {c31280bb-9480-488b-83db-d59cdda7e3f1} has returned 13 and will now stop.
[LOG] SoundI::release                          : ConcreteFootsteps (0000023922768958)
[LOG] SoundI::release                          :     ConcreteFootsteps (000002392253BB58)
[LOG] SoundI::release                          :     ConcreteFootsteps (0000023A2132E808)
[LOG] SystemI::createSound                     : filename = AerofordronSimFMOD/Build/Desktop/SFX.bank : mode 02010082
[LOG] SystemI::createSound                     : FMOD_NONBLOCKING specified.  Putting into queue to be opened asynchronously!
[LOG] AsyncThread::add                         : add sound to async queue : soundi = 0000023944F8B508, queue head = 0000023947711318, queue count = 0
[LOG] AsyncThread::threadFunc                  : Starting Asynchronous operation on sound 0000023944F8B508
[LOG] SystemI::createSoundInternal             :     Create name='AerofordronSimFMOD/Build/Desktop/SFX.bank', mode=0x02010082
[LOG] SystemI::createSoundInternal             :     exinfo->cbsize             = 224
[LOG] SystemI::createSoundInternal             :     exinfo->length             = 934016
[LOG] SystemI::createSoundInternal             :     exinfo->fileoffset         = 6080
[LOG] SystemI::createSoundInternal             :     exinfo->numsubsounds       = 1
[LOG] SystemI::createSoundInternal             :     exinfo->inclusionlist      = 0000023945C59EE0
[LOG] SystemI::createSoundInternal             :     exinfo->inclusionlistnum   = 1
[LOG] SystemI::createSoundInternal             :     exinfo->suggestedsoundtype = 5
[LOG] SystemI::createSoundInternal             :     exinfo->initialseekpostype = 1
[LOG] SystemI::createSoundInternal             :     Stream 0/1: name='ConcreteFootsteps', format=5, channels=2, frequency=48000, lengthbytes=166112, lengthpcm=952946, pcmblocksize=0, loopstart=0, loopend=0, mode=0x00000000, channelmask=0x00000000, channelorder=0, peakvolume=0.139435.
[LOG] AsyncThread::threadFunc                  : Finished Asynchronous operation on sound 0000023944F8B508
[WRN] SoundSourceInstrumentInstance::startChannelIfReady : Resource type 3 for instrument {c31280bb-9480-488b-83db-d59cdda7e3f1} has returned 13 and will now stop.
[LOG] SoundI::release                          : ConcreteFootsteps (0000023944F8B508)
[LOG] SoundI::release                          :     ConcreteFootsteps (000002392253D078)
[LOG] SoundI::release                          :     ConcreteFootsteps (0000023A2132E9B8)
[LOG] SystemI::createSound                     : filename = AerofordronSimFMOD/Build/Desktop/SFX.bank : mode 02010082
[LOG] SystemI::createSound                     : FMOD_NONBLOCKING specified.  Putting into queue to be opened asynchronously!
[LOG] AsyncThread::add                         : add sound to async queue : soundi = 0000023A205CDBB8, queue head = 0000023947711318, queue count = 0
[LOG] AsyncThread::threadFunc                  : Starting Asynchronous operation on sound 0000023A205CDBB8
[LOG] SystemI::createSoundInternal             :     Create name='AerofordronSimFMOD/Build/Desktop/SFX.bank', mode=0x02010082
[LOG] SystemI::createSoundInternal             :     exinfo->cbsize             = 224
[LOG] SystemI::createSoundInternal             :     exinfo->length             = 934016
[LOG] SystemI::createSoundInternal             :     exinfo->fileoffset         = 6080
[LOG] SystemI::createSoundInternal             :     exinfo->numsubsounds       = 1
[LOG] SystemI::createSoundInternal             :     exinfo->inclusionlist      = 00000239716F8960
[LOG] SystemI::createSoundInternal             :     exinfo->inclusionlistnum   = 1
[LOG] SystemI::createSoundInternal             :     exinfo->suggestedsoundtype = 5
[LOG] SystemI::createSoundInternal             :     exinfo->initialseekpostype = 1
[LOG] SystemI::createSoundInternal             :     Stream 0/1: name='ConcreteFootsteps', format=5, channels=2, frequency=48000, lengthbytes=166112, lengthpcm=952946, pcmblocksize=0, loopstart=0, loopend=0, mode=0x00000000, channelmask=0x00000000, channelorder=0, peakvolume=0.139435.
[LOG] AsyncThread::threadFunc                  : Finished Asynchronous operation on sound 0000023A205CDBB8
[WRN] SoundSourceInstrumentInstance::startChannelIfReady : Resource type 3 for instrument {c31280bb-9480-488b-83db-d59cdda7e3f1} has returned 13 and will now stop.
[LOG] SoundI::release                          : ConcreteFootsteps (0000023A205CDBB8)
[LOG] SoundI::release                          :     ConcreteFootsteps (000002392253CB98)
[LOG] SoundI::release                          :     ConcreteFootsteps (00000239456D9228)
[LOG] SystemI::createSound                     : filename = AerofordronSimFMOD/Build/Desktop/SFX.bank : mode 02010082
[LOG] SystemI::createSound                     : FMOD_NONBLOCKING specified.  Putting into queue to be opened asynchronously!
[LOG] AsyncThread::add                         : add sound to async queue : soundi = 0000023922768958, queue head = 0000023947711318, queue count = 0
[LOG] AsyncThread::threadFunc                  : Starting Asynchronous operation on sound 0000023922768958
[LOG] SystemI::createSoundInternal             :     Create name='AerofordronSimFMOD/Build/Desktop/SFX.bank', mode=0x02010082
[LOG] SystemI::createSoundInternal             :     exinfo->cbsize             = 224
[LOG] SystemI::createSoundInternal             :     exinfo->length             = 934016
[LOG] SystemI::createSoundInternal             :     exinfo->fileoffset         = 6080
[LOG] SystemI::createSoundInternal             :     exinfo->numsubsounds       = 1
[LOG] SystemI::createSoundInternal             :     exinfo->inclusionlist      = 0000023945D34430
[LOG] SystemI::createSoundInternal             :     exinfo->inclusionlistnum   = 1
[LOG] SystemI::createSoundInternal             :     exinfo->suggestedsoundtype = 5
[LOG] SystemI::createSoundInternal             :     exinfo->initialseekpostype = 1
[LOG] SystemI::createSoundInternal             :     Stream 0/1: name='ConcreteFootsteps', format=5, channels=2, frequency=48000, lengthbytes=166112, lengthpcm=952946, pcmblocksize=0, loopstart=0, loopend=0, mode=0x00000000, channelmask=0x00000000, channelorder=0, peakvolume=0.139435.
[LOG] AsyncThread::threadFunc                  : Finished Asynchronous operation on sound 0000023922768958
[WRN] SoundSourceInstrumentInstance::startChannelIfReady : Resource type 3 for instrument {c31280bb-9480-488b-83db-d59cdda7e3f1} has returned 13 and will now stop.
[LOG] SoundI::release                          : ConcreteFootsteps (0000023922768958)
[LOG] SoundI::release                          :     ConcreteFootsteps (000002392253C1D8)
[LOG] SoundI::release                          :     ConcreteFootsteps (0000023A2132E808)
[LOG] SystemI::createSound                     : filename = AerofordronSimFMOD/Build/Desktop/SFX.bank : mode 02010082
[LOG] SystemI::createSound                     : FMOD_NONBLOCKING specified.  Putting into queue to be opened asynchronously!
[LOG] AsyncThread::add                         : add sound to async queue : soundi = 0000023A20DAD0D8, queue head = 0000023947711318, queue count = 0
[LOG] AsyncThread::threadFunc                  : Starting Asynchronous operation on sound 0000023A20DAD0D8
[LOG] SystemI::createSoundInternal             :     Create name='AerofordronSimFMOD/Build/Desktop/SFX.bank', mode=0x02010082
[LOG] SystemI::createSoundInternal             :     exinfo->cbsize             = 224
[LOG] SystemI::createSoundInternal             :     exinfo->length             = 934016
[LOG] SystemI::createSoundInternal             :     exinfo->fileoffset         = 6080
[LOG] SystemI::createSoundInternal             :     exinfo->numsubsounds       = 1
[LOG] SystemI::createSoundInternal             :     exinfo->inclusionlist      = 0000023793698FC0
[LOG] SystemI::createSoundInternal             :     exinfo->inclusionlistnum   = 1
[LOG] SystemI::createSoundInternal             :     exinfo->suggestedsoundtype = 5
[LOG] SystemI::createSoundInternal             :     exinfo->initialseekpostype = 1
[LOG] SystemI::createSoundInternal             :     Stream 0/1: name='ConcreteFootsteps', format=5, channels=2, frequency=48000, lengthbytes=166112, lengthpcm=952946, pcmblocksize=0, loopstart=0, loopend=0, mode=0x00000000, channelmask=0x00000000, channelorder=0, peakvolume=0.139435.
[LOG] AsyncThread::threadFunc                  : Finished Asynchronous operation on sound 0000023A20DAD0D8
[WRN] SoundSourceInstrumentInstance::startChannelIfReady : Resource type 3 for instrument {c31280bb-9480-488b-83db-d59cdda7e3f1} has returned 13 and will now stop.
[LOG] SoundI::release                          : ConcreteFootsteps (0000023A20DAD0D8)
[LOG] SoundI::release                          :     ConcreteFootsteps (000002392253C038)
[LOG] SoundI::release                          :     ConcreteFootsteps (00000239456D9078)
[LOG] SystemI::createSound                     : filename = AerofordronSimFMOD/Build/Desktop/SFX.bank : mode 02010082
[LOG] SystemI::createSound                     : FMOD_NONBLOCKING specified.  Putting into queue to be opened asynchronously!
[LOG] AsyncThread::add                         : add sound to async queue : soundi = 0000023A205CDBB8, queue head = 0000023947711318, queue count = 0
[LOG] AsyncThread::threadFunc                  : Starting Asynchronous operation on sound 0000023A205CDBB8
[LOG] SystemI::createSoundInternal             :     Create name='AerofordronSimFMOD/Build/Desktop/SFX.bank', mode=0x02010082
[LOG] SystemI::createSoundInternal             :     exinfo->cbsize             = 224
[LOG] SystemI::createSoundInternal             :     exinfo->length             = 934016
[LOG] SystemI::createSoundInternal             :     exinfo->fileoffset         = 6080
[LOG] SystemI::createSoundInternal             :     exinfo->numsubsounds       = 1
[LOG] SystemI::createSoundInternal             :     exinfo->inclusionlist      = 00000239716F8960
[LOG] SystemI::createSoundInternal             :     exinfo->inclusionlistnum   = 1
[LOG] SystemI::createSoundInternal             :     exinfo->suggestedsoundtype = 5
[LOG] SystemI::createSoundInternal             :     exinfo->initialseekpostype = 1
[LOG] SystemI::createSoundInternal             :     Stream 0/1: name='ConcreteFootsteps', format=5, channels=2, frequency=48000, lengthbytes=166112, lengthpcm=952946, pcmblocksize=0, loopstart=0, loopend=0, mode=0x00000000, channelmask=0x00000000, channelorder=0, peakvolume=0.139435.
[LOG] AsyncThread::threadFunc                  : Finished Asynchronous operation on sound 0000023A205CDBB8
[WRN] SoundSourceInstrumentInstance::startChannelIfReady : Resource type 3 for instrument {c31280bb-9480-488b-83db-d59cdda7e3f1} has returned 13 and will now stop.
[LOG] SoundI::release                          : ConcreteFootsteps (0000023A205CDBB8)
[LOG] SoundI::release                          :     ConcreteFootsteps (000002392253CD38)
[LOG] SoundI::release                          :     ConcreteFootsteps (00000239456D9588)
[LOG] SystemI::createSound                     : filename = AerofordronSimFMOD/Build/Desktop/SFX.bank : mode 02010082
[LOG] SystemI::createSound                     : FMOD_NONBLOCKING specified.  Putting into queue to be opened asynchronously!
[LOG] AsyncThread::add                         : add sound to async queue : soundi = 0000023A205CDD68, queue head = 0000023947711318, queue count = 0
[LOG] AsyncThread::threadFunc                  : Starting Asynchronous operation on sound 0000023A205CDD68
[LOG] SystemI::createSoundInternal             :     Create name='AerofordronSimFMOD/Build/Desktop/SFX.bank', mode=0x02010082
[LOG] SystemI::createSoundInternal             :     exinfo->cbsize             = 224
[LOG] SystemI::createSoundInternal             :     exinfo->length             = 934016
[LOG] SystemI::createSoundInternal             :     exinfo->fileoffset         = 6080
[LOG] SystemI::createSoundInternal             :     exinfo->numsubsounds       = 1
[LOG] SystemI::createSoundInternal             :     exinfo->inclusionlist      = 00000239716F8BE0
[LOG] SystemI::createSoundInternal             :     exinfo->inclusionlistnum   = 1
[LOG] SystemI::createSoundInternal             :     exinfo->suggestedsoundtype = 5
[LOG] SystemI::createSoundInternal             :     exinfo->initialseekpostype = 1
[LOG] SystemI::createSoundInternal             :     Stream 0/1: name='ConcreteFootsteps', format=5, channels=2, frequency=48000, lengthbytes=166112, lengthpcm=952946, pcmblocksize=0, loopstart=0, loopend=0, mode=0x00000000, channelmask=0x00000000, channelorder=0, peakvolume=0.139435.
[LOG] AsyncThread::threadFunc                  : Finished Asynchronous operation on sound 0000023A205CDD68
[WRN] SoundSourceInstrumentInstance::startChannelIfReady : Resource type 3 for instrument {c31280bb-9480-488b-83db-d59cdda7e3f1} has returned 13 and will now stop.
[LOG] SoundI::release                          : ConcreteFootsteps (0000023A205CDD68)
[LOG] SoundI::release                          :     ConcreteFootsteps (000002392253C1D8)
[LOG] SoundI::release                          :     ConcreteFootsteps (0000023922768958)
[LOG] SystemI::createSound                     : filename = AerofordronSimFMOD/Build/Desktop/SFX.bank : mode 02010082
[LOG] SystemI::createSound                     : FMOD_NONBLOCKING specified.  Putting into queue to be opened asynchronously!
[LOG] AsyncThread::add                         : add sound to async queue : soundi = 0000023922768B08, queue head = 0000023947711318, queue count = 0
[LOG] AsyncThread::threadFunc                  : Starting Asynchronous operation on sound 0000023922768B08
[LOG] SystemI::createSoundInternal             :     Create name='AerofordronSimFMOD/Build/Desktop/SFX.bank', mode=0x02010082
[LOG] SystemI::createSoundInternal             :     exinfo->cbsize             = 224
[LOG] SystemI::createSoundInternal             :     exinfo->length             = 934016
[LOG] SystemI::createSoundInternal             :     exinfo->fileoffset         = 6080
[LOG] SystemI::createSoundInternal             :     exinfo->numsubsounds       = 1
[LOG] SystemI::createSoundInternal             :     exinfo->inclusionlist      = 0000023945D342F0
[LOG] SystemI::createSoundInternal             :     exinfo->inclusionlistnum   = 1
[LOG] SystemI::createSoundInternal             :     exinfo->suggestedsoundtype = 5
[LOG] SystemI::createSoundInternal             :     exinfo->initialseekpostype = 1
[LOG] SystemI::createSoundInternal             :     Stream 0/1: name='ConcreteFootsteps', format=5, channels=2, frequency=48000, lengthbytes=166112, lengthpcm=952946, pcmblocksize=0, loopstart=0, loopend=0, mode=0x00000000, channelmask=0x00000000, channelorder=0, peakvolume=0.139435.
[LOG] AsyncThread::threadFunc                  : Finished Asynchronous operation on sound 0000023922768B08
[WRN] SoundSourceInstrumentInstance::startChannelIfReady : Resource type 3 for instrument {c31280bb-9480-488b-83db-d59cdda7e3f1} has returned 13 and will now stop.
[LOG] SoundI::release                          : ConcreteFootsteps (0000023922768B08)
[LOG] SoundI::release                          :     ConcreteFootsteps (000002392253C858)
[LOG] SoundI::release                          :     ConcreteFootsteps (0000023A2132ED18)
[LOG] SystemI::createSound                     : filename = AerofordronSimFMOD/Build/Desktop/SFX.bank : mode 02010082
[LOG] SystemI::createSound                     : FMOD_NONBLOCKING specified.  Putting into queue to be opened asynchronously!
[LOG] AsyncThread::add                         : add sound to async queue : soundi = 0000023A20DABFF8, queue head = 0000023947711318, queue count = 0
[LOG] AsyncThread::threadFunc                  : Starting Asynchronous operation on sound 0000023A20DABFF8
[LOG] SystemI::createSoundInternal             :     Create name='AerofordronSimFMOD/Build/Desktop/SFX.bank', mode=0x02010082
[LOG] SystemI::createSoundInternal             :     exinfo->cbsize             = 224
[LOG] SystemI::createSoundInternal             :     exinfo->length             = 934016
[LOG] SystemI::createSoundInternal             :     exinfo->fileoffset         = 6080
[LOG] SystemI::createSoundInternal             :     exinfo->numsubsounds       = 1
[LOG] SystemI::createSoundInternal             :     exinfo->inclusionlist      = 0000023793698FC0
[LOG] SystemI::createSoundInternal             :     exinfo->inclusionlistnum   = 1
[LOG] SystemI::createSoundInternal             :     exinfo->suggestedsoundtype = 5
[LOG] SystemI::createSoundInternal             :     exinfo->initialseekpostype = 1
[LOG] SystemI::createSoundInternal             :     Stream 0/1: name='ConcreteFootsteps', format=5, channels=2, frequency=48000, lengthbytes=166112, lengthpcm=952946, pcmblocksize=0, loopstart=0, loopend=0, mode=0x00000000, channelmask=0x00000000, channelorder=0, peakvolume=0.139435.
[LOG] AsyncThread::threadFunc                  : Finished Asynchronous operation on sound 0000023A20DABFF8
[WRN] SoundSourceInstrumentInstance::startChannelIfReady : Resource type 3 for instrument {c31280bb-9480-488b-83db-d59cdda7e3f1} has returned 13 and will now stop.
[LOG] SoundI::release                          : ConcreteFootsteps (0000023A20DABFF8)
[LOG] SoundI::release                          :     ConcreteFootsteps (000002392253D078)
[LOG] SoundI::release                          :     ConcreteFootsteps (0000023A2132ED18)
[LOG] SystemI::createSound                     : filename = AerofordronSimFMOD/Build/Desktop/SFX.bank : mode 02010082
[LOG] SystemI::createSound                     : FMOD_NONBLOCKING specified.  Putting into queue to be opened asynchronously!
[LOG] AsyncThread::add                         : add sound to async queue : soundi = 0000023A205CDBB8, queue head = 0000023947711318, queue count = 0
[LOG] AsyncThread::threadFunc                  : Starting Asynchronous operation on sound 0000023A205CDBB8
[LOG] SystemI::createSoundInternal             :     Create name='AerofordronSimFMOD/Build/Desktop/SFX.bank', mode=0x02010082
[LOG] SystemI::createSoundInternal             :     exinfo->cbsize             = 224
[LOG] SystemI::createSoundInternal             :     exinfo->length             = 934016
[LOG] SystemI::createSoundInternal             :     exinfo->fileoffset         = 6080
[LOG] SystemI::createSoundInternal             :     exinfo->numsubsounds       = 1
[LOG] SystemI::createSoundInternal             :     exinfo->inclusionlist      = 00000239716F8BE0
[LOG] SystemI::createSoundInternal             :     exinfo->inclusionlistnum   = 1
[LOG] SystemI::createSoundInternal             :     exinfo->suggestedsoundtype = 5
[LOG] SystemI::createSoundInternal             :     exinfo->initialseekpostype = 1
[LOG] SystemI::createSoundInternal             :     Stream 0/1: name='ConcreteFootsteps', format=5, channels=2, frequency=48000, lengthbytes=166112, lengthpcm=952946, pcmblocksize=0, loopstart=0, loopend=0, mode=0x00000000, channelmask=0x00000000, channelorder=0, peakvolume=0.139435.
[LOG] AsyncThread::threadFunc                  : Finished Asynchronous operation on sound 0000023A205CDBB8
[WRN] SoundSourceInstrumentInstance::startChannelIfReady : Resource type 3 for instrument {c31280bb-9480-488b-83db-d59cdda7e3f1} has returned 13 and will now stop.
[LOG] SoundI::release                          : ConcreteFootsteps (0000023A205CDBB8)
[LOG] SoundI::release                          :     ConcreteFootsteps (000002392253C6B8)
[LOG] SoundI::release                          :     ConcreteFootsteps (0000023944F8B6B8)
[LOG] SystemI::createSound                     : filename = AerofordronSimFMOD/Build/Desktop/SFX.bank : mode 02010082
[LOG] SystemI::createSound                     : FMOD_NONBLOCKING specified.  Putting into queue to be opened asynchronously!
[LOG] AsyncThread::add                         : add sound to async queue : soundi = 0000023A20DAD5E8, queue head = 0000023947711318, queue count = 0
[LOG] AsyncThread::threadFunc                  : Starting Asynchronous operation on sound 0000023A20DAD5E8
[LOG] SystemI::createSoundInternal             :     Create name='AerofordronSimFMOD/Build/Desktop/SFX.bank', mode=0x02010082
[LOG] SystemI::createSoundInternal             :     exinfo->cbsize             = 224
[LOG] SystemI::createSoundInternal             :     exinfo->length             = 934016
[LOG] SystemI::createSoundInternal             :     exinfo->fileoffset         = 6080
[LOG] SystemI::createSoundInternal             :     exinfo->numsubsounds       = 1
[LOG] SystemI::createSoundInternal             :     exinfo->inclusionlist      = 0000023793699D80
[LOG] SystemI::createSoundInternal             :     exinfo->inclusionlistnum   = 1
[LOG] SystemI::createSoundInternal             :     exinfo->suggestedsoundtype = 5
[LOG] SystemI::createSoundInternal             :     exinfo->initialseekpostype = 1
[LOG] SystemI::createSoundInternal             :     Stream 0/1: name='ConcreteFootsteps', format=5, channels=2, frequency=48000, lengthbytes=166112, lengthpcm=952946, pcmblocksize=0, loopstart=0, loopend=0, mode=0x00000000, channelmask=0x00000000, channelorder=0, peakvolume=0.139435.
[LOG] AsyncThread::threadFunc                  : Finished Asynchronous operation on sound 0000023A20DAD5E8
[WRN] SoundSourceInstrumentInstance::startChannelIfReady : Resource type 3 for instrument {c31280bb-9480-488b-83db-d59cdda7e3f1} has returned 13 and will now stop.
[LOG] SoundI::release                          : ConcreteFootsteps (0000023A20DAD5E8)
[LOG] SoundI::release                          :     ConcreteFootsteps (000002392253C518)
[LOG] SoundI::release                          :     ConcreteFootsteps (0000023944F8B508)
[LOG] SystemI::createSound                     : filename = AerofordronSimFMOD/Build/Desktop/SFX.bank : mode 02010082
[LOG] SystemI::createSound                     : FMOD_NONBLOCKING specified.  Putting into queue to be opened asynchronously!
[LOG] AsyncThread::add                         : add sound to async queue : soundi = 0000023A20DABFF8, queue head = 0000023947711318, queue count = 0
[LOG] AsyncThread::threadFunc                  : Starting Asynchronous operation on sound 0000023A20DABFF8
[LOG] SystemI::createSoundInternal             :     Create name='AerofordronSimFMOD/Build/Desktop/SFX.bank', mode=0x02010082
[LOG] SystemI::createSoundInternal             :     exinfo->cbsize             = 224
[LOG] SystemI::createSoundInternal             :     exinfo->length             = 934016
[LOG] SystemI::createSoundInternal             :     exinfo->fileoffset         = 6080
[LOG] SystemI::createSoundInternal             :     exinfo->numsubsounds       = 1
[LOG] SystemI::createSoundInternal             :     exinfo->inclusionlist      = 0000023793698FC0
[LOG] SystemI::createSoundInternal             :     exinfo->inclusionlistnum   = 1
[LOG] SystemI::createSoundInternal             :     exinfo->suggestedsoundtype = 5
[LOG] SystemI::createSoundInternal             :     exinfo->initialseekpostype = 1
[LOG] SystemI::createSoundInternal             :     Stream 0/1: name='dronSound', format=5, channels=2, frequency=48000, lengthbytes=757856, lengthpcm=3191040, pcmblocksize=0, loopstart=0, loopend=0, mode=0x00000000, channelmask=0x00000000, channelorder=0, peakvolume=0.494934.
[LOG] AsyncThread::threadFunc                  : Finished Asynchronous operation on sound 0000023A20DABFF8
[WRN] SoundSourceInstrumentInstance::startChannelIfReady : Resource type 3 for instrument {a6cfd857-9fb7-4bce-bd56-b9bf4bb169c2} has returned 13 and will now stop.
[LOG] SoundI::release                          : dronSound (0000023A20DABFF8)
[LOG] SoundI::release                          :     dronSound (000002392253B818)
[LOG] SoundI::release                          :     dronSound (0000023944F8B6B8)
[LOG] SoundI::release                          :  (00000239FACD0FD8)
[LOG] SoundI::release                          :     InterfaceClick (00000239716E8A38)
[LOG] SoundI::release                          :  (00000239FACD0458)
[LOG] SoundI::release                          :     grabSound (00000239716E86F8)
[LOG] Thread::callback                         : FMOD Studio update thread finished.
[LOG] Thread::callback                         : FMOD Studio bank load thread finished.
[LOG] Profile::disconnectAll                   : Profiler disconnecting all clients
[LOG] Thread::callback                         : FMOD Studio sample load thread finished.
[LOG] LiveUpdate::release                      : 
[LOG] LiveUpdate::reset                        : Reset connection (reason Disconnected)
[LOG] Thread::callback                         : FMOD stream thread finished.
[LOG] Thread::callback                         : FMOD mixer thread finished.
[LOG] Profile::disconnectAll                   : Profiler disconnecting all clients
[LOG] SystemI::close                           : Closed.
[ERR] assert                                   : assertion: 'gSystemInitCount == 0' failed
